<?xml version="1.0" encoding="UTF-8"?>
<!-- Generated by org.testng.reporters.JUnitReportReporter -->
<testsuite hostname="MAVCHN082197" failures="0" tests="1" name="resource.Features.TestRunner" time="27.930" errors="0" timestamp="02 Aug 2022 04:35:12 GMT" skipped="0">
  <testcase classname="resource.Features.TestRunner" name="runScenario" time="27.930"/>
</testsuite> <!-- resource.Features.TestRunner -->
